<?xml version="1.0" encoding="UTF-8"?>
<!-- Generated by org.testng.reporters.JUnitReportReporter -->
<testsuite hostname="DESKTOP-ICLD36V" failures="0" tests="2" name="runner.sparshTestng" time="34.921" errors="0" timestamp="2024-07-01T18:16:30 IST" skipped="0">
  <testcase classname="runner.sparshTestng" name="runScenario" time="13.813"/>
  <system-out/>
  <testcase classname="runner.sparshTestng" name="runScenario" time="21.108"/>
  <system-out/>
</testsuite> <!-- runner.sparshTestng -->
