<?xml version="1.0" encoding="UTF-8"?>
<!-- Generated by org.testng.reporters.JUnitReportReporter -->
<testsuite hostname="DESKTOP-ICLD36V" failures="0" tests="2" name="runner.sparshTestng" time="35.024" errors="0" timestamp="2024-07-03T13:44:05 IST" skipped="0">
  <testcase classname="runner.sparshTestng" name="runScenario" time="13.691"/>
  <system-out/>
  <testcase classname="runner.sparshTestng" name="runScenario" time="21.333"/>
  <system-out/>
</testsuite> <!-- runner.sparshTestng -->
